{"/workspaces/TCC-MBA/backend/src/app.controller.ts": {"path":"/workspaces/TCC-MBA/backend/src/app.controller.ts","statementMap":{"0":{"start":{"line":1,"column":0},"end":{"line":1,"column":49}},"1":{"start":{"line":2,"column":0},"end":{"line":2,"column":43}},"2":{"start":{"line":5,"column":7},"end":{"line":12,"column":null}},"3":{"start":{"line":6,"column":31},"end":{"line":6,"column":43}},"4":{"start":{"line":10,"column":4},"end":{"line":10,"column":38}},"5":{"start":{"line":5,"column":13},"end":{"line":5,"column":26}},"6":{"start":{"line":9,"column":2},"end":{"line":11,"column":null}},"7":{"start":{"line":5,"column":13},"end":{"line":12,"column":null}}},"fnMap":{"0":{"name":"(anonymous_2)","decl":{"start":{"line":6,"column":2},"end":{"line":6,"column":31}},"loc":{"start":{"line":6,"column":53},"end":{"line":6,"column":57}}},"1":{"name":"(anonymous_3)","decl":{"start":{"line":9,"column":2},"end":{"line":9,"column":10}},"loc":{"start":{"line":9,"column":10},"end":{"line":11,"column":3}}}},"branchMap":{"0":{"loc":{"start":{"line":6,"column":43},"end":{"line":6,"column":56}},"type":"cond-expr","locations":[{"start":{"line":6,"column":53},"end":{"line":6,"column":56}},{"start":{"line":6,"column":53},"end":{"line":6,"column":56}}]},"1":{"loc":{"start":{"line":6,"column":43},"end":{"line":6,"column":53}},"type":"binary-expr","locations":[{"start":{"line":6,"column":43},"end":{"line":6,"column":56}},{"start":{"line":6,"column":43},"end":{"line":6,"column":53}}]}},"s":{"0":2,"1":2,"2":2,"3":2,"4":1,"5":2,"6":2,"7":2},"f":{"0":2,"1":1},"b":{"0":[2,0],"1":[2,2]}}
,"/workspaces/TCC-MBA/backend/src/app.module.ts": {"path":"/workspaces/TCC-MBA/backend/src/app.module.ts","statementMap":{"0":{"start":{"line":1,"column":0},"end":{"line":1,"column":40}},"1":{"start":{"line":2,"column":0},"end":{"line":2,"column":49}},"2":{"start":{"line":3,"column":0},"end":{"line":3,"column":43}},"3":{"start":{"line":4,"column":0},"end":{"line":4,"column":54}},"4":{"start":{"line":5,"column":0},"end":{"line":5,"column":60}},"5":{"start":{"line":6,"column":0},"end":{"line":6,"column":72}},"6":{"start":{"line":7,"column":0},"end":{"line":7,"column":57}},"7":{"start":{"line":8,"column":0},"end":{"line":8,"column":57}},"8":{"start":{"line":9,"column":0},"end":{"line":9,"column":48}},"9":{"start":{"line":10,"column":0},"end":{"line":10,"column":57}},"10":{"start":{"line":11,"column":0},"end":{"line":11,"column":51}},"11":{"start":{"line":27,"column":7},"end":{"line":27,"column":null}},"12":{"start":{"line":27,"column":13},"end":{"line":27,"column":22}},"13":{"start":{"line":27,"column":13},"end":{"line":27,"column":null}}},"fnMap":{},"branchMap":{},"s":{"0":1,"1":1,"2":1,"3":1,"4":1,"5":1,"6":1,"7":1,"8":1,"9":1,"10":1,"11":1,"12":1,"13":1},"f":{},"b":{}}
,"/workspaces/TCC-MBA/backend/src/app.service.ts": {"path":"/workspaces/TCC-MBA/backend/src/app.service.ts","statementMap":{"0":{"start":{"line":1,"column":0},"end":{"line":1,"column":44}},"1":{"start":{"line":4,"column":7},"end":{"line":8,"column":null}},"2":{"start":{"line":6,"column":4},"end":{"line":6,"column":26}},"3":{"start":{"line":4,"column":13},"end":{"line":4,"column":23}},"4":{"start":{"line":4,"column":13},"end":{"line":8,"column":null}}},"fnMap":{"0":{"name":"(anonymous_1)","decl":{"start":{"line":5,"column":2},"end":{"line":5,"column":10}},"loc":{"start":{"line":5,"column":10},"end":{"line":7,"column":3}}}},"branchMap":{},"s":{"0":2,"1":2,"2":1,"3":2,"4":2},"f":{"0":1},"b":{}}
,"/workspaces/TCC-MBA/backend/src/main.ts": {"path":"/workspaces/TCC-MBA/backend/src/main.ts","statementMap":{"0":{"start":{"line":1,"column":0},"end":{"line":1,"column":43}},"1":{"start":{"line":2,"column":0},"end":{"line":2,"column":41}},"2":{"start":{"line":5,"column":14},"end":{"line":5,"column":49}},"3":{"start":{"line":6,"column":2},"end":{"line":6,"column":45}},"4":{"start":{"line":8,"column":0},"end":{"line":8,"column":12}}},"fnMap":{"0":{"name":"bootstrap","decl":{"start":{"line":4,"column":15},"end":{"line":4,"column":24}},"loc":{"start":{"line":4,"column":24},"end":{"line":7,"column":1}}}},"branchMap":{"0":{"loc":{"start":{"line":6,"column":19},"end":{"line":6,"column":43}},"type":"binary-expr","locations":[{"start":{"line":6,"column":19},"end":{"line":6,"column":35}},{"start":{"line":6,"column":39},"end":{"line":6,"column":43}}]}},"s":{"0":0,"1":0,"2":0,"3":0,"4":0},"f":{"0":0},"b":{"0":[0,0]}}
,"/workspaces/TCC-MBA/backend/src/auth/auth.module.ts": {"path":"/workspaces/TCC-MBA/backend/src/auth/auth.module.ts","statementMap":{"0":{"start":{"line":1,"column":0},"end":{"line":1,"column":40}},"1":{"start":{"line":4,"column":7},"end":{"line":4,"column":null}},"2":{"start":{"line":4,"column":13},"end":{"line":4,"column":23}},"3":{"start":{"line":4,"column":13},"end":{"line":4,"column":null}}},"fnMap":{},"branchMap":{},"s":{"0":1,"1":1,"2":1,"3":1},"f":{},"b":{}}
,"/workspaces/TCC-MBA/backend/src/auth/auth.service.ts": {"path":"/workspaces/TCC-MBA/backend/src/auth/auth.service.ts","statementMap":{"0":{"start":{"line":2,"column":0},"end":{"line":2,"column":43}},"1":{"start":{"line":11,"column":23},"end":{"line":11,"column":54}},"2":{"start":{"line":13,"column":23},"end":{"line":13,"column":24}},"3":{"start":{"line":14,"column":25},"end":{"line":14,"column":39}},"4":{"start":{"line":15,"column":27},"end":{"line":15,"column":41}},"5":{"start":{"line":16,"column":28},"end":{"line":16,"column":44}},"6":{"start":{"line":25,"column":47},"end":{"line":25,"column":57}},"7":{"start":{"line":20,"column":21},"end":{"line":20,"column":62}},"8":{"start":{"line":21,"column":21},"end":{"line":21,"column":45}},"9":{"start":{"line":22,"column":21},"end":{"line":22,"column":48}},"10":{"start":{"line":23,"column":21},"end":{"line":23,"column":53}},"11":{"start":{"line":24,"column":21},"end":{"line":24,"column":60}},"12":{"start":{"line":25,"column":21},"end":{"line":25,"column":41}},"13":{"start":{"line":29,"column":4},"end":{"line":31,"column":5}},"14":{"start":{"line":30,"column":6},"end":{"line":30,"column":127}},"15":{"start":{"line":33,"column":21},"end":{"line":33,"column":67}},"16":{"start":{"line":34,"column":4},"end":{"line":36,"column":5}},"17":{"start":{"line":35,"column":6},"end":{"line":35,"column":58}},"18":{"start":{"line":38,"column":25},"end":{"line":38,"column":58}},"19":{"start":{"line":39,"column":29},"end":{"line":39,"column":68}},"20":{"start":{"line":41,"column":4},"end":{"line":41,"column":88}},"21":{"start":{"line":42,"column":4},"end":{"line":42,"column":76}},"22":{"start":{"line":44,"column":4},"end":{"line":44,"column":25}},"23":{"start":{"line":48,"column":25},"end":{"line":48,"column":71}},"24":{"start":{"line":49,"column":4},"end":{"line":51,"column":5}},"25":{"start":{"line":50,"column":6},"end":{"line":50,"column":43}},"26":{"start":{"line":53,"column":16},"end":{"line":53,"column":28}},"27":{"start":{"line":55,"column":4},"end":{"line":58,"column":5}},"28":{"start":{"line":56,"column":32},"end":{"line":56,"column":102}},"29":{"start":{"line":57,"column":6},"end":{"line":57,"column":62}},"30":{"start":{"line":60,"column":26},"end":{"line":62,"column":13}},"31":{"start":{"line":64,"column":4},"end":{"line":75,"column":5}},"32":{"start":{"line":65,"column":26},"end":{"line":65,"column":62}},"33":{"start":{"line":66,"column":25},"end":{"line":66,"column":54}},"34":{"start":{"line":67,"column":6},"end":{"line":70,"column":9}},"35":{"start":{"line":71,"column":6},"end":{"line":73,"column":7}},"36":{"start":{"line":72,"column":8},"end":{"line":72,"column":76}},"37":{"start":{"line":74,"column":6},"end":{"line":74,"column":43}},"38":{"start":{"line":77,"column":4},"end":{"line":80,"column":7}},"39":{"start":{"line":82,"column":24},"end":{"line":82,"column":78}},"40":{"start":{"line":83,"column":25},"end":{"line":83,"column":65}},"41":{"start":{"line":84,"column":4},"end":{"line":84,"column":86}},"42":{"start":{"line":86,"column":4},"end":{"line":86,"column":61}},"43":{"start":{"line":90,"column":25},"end":{"line":90,"column":82}},"44":{"start":{"line":91,"column":4},"end":{"line":93,"column":5}},"45":{"start":{"line":92,"column":6},"end":{"line":92,"column":43}},"46":{"start":{"line":95,"column":4},"end":{"line":98,"column":7}},"47":{"start":{"line":100,"column":4},"end":{"line":100,"column":25}},"48":{"start":{"line":104,"column":25},"end":{"line":104,"column":71}},"49":{"start":{"line":105,"column":4},"end":{"line":107,"column":5}},"50":{"start":{"line":106,"column":6},"end":{"line":106,"column":27}},"51":{"start":{"line":109,"column":23},"end":{"line":109,"column":62}},"52":{"start":{"line":110,"column":22},"end":{"line":110,"column":75}},"53":{"start":{"line":112,"column":4},"end":{"line":115,"column":7}},"54":{"start":{"line":116,"column":4},"end":{"line":116,"column":84}},"55":{"start":{"line":118,"column":4},"end":{"line":118,"column":25}},"56":{"start":{"line":122,"column":25},"end":{"line":122,"column":84}},"57":{"start":{"line":123,"column":4},"end":{"line":125,"column":5}},"58":{"start":{"line":124,"column":6},"end":{"line":124,"column":43}},"59":{"start":{"line":127,"column":16},"end":{"line":127,"column":28}},"60":{"start":{"line":128,"column":4},"end":{"line":130,"column":5}},"61":{"start":{"line":129,"column":6},"end":{"line":129,"column":43}},"62":{"start":{"line":132,"column":4},"end":{"line":134,"column":5}},"63":{"start":{"line":133,"column":6},"end":{"line":133,"column":127}},"64":{"start":{"line":136,"column":25},"end":{"line":136,"column":61}},"65":{"start":{"line":137,"column":4},"end":{"line":141,"column":7}},"66":{"start":{"line":143,"column":4},"end":{"line":143,"column":25}},"67":{"start":{"line":147,"column":27},"end":{"line":147,"column":69}},"68":{"start":{"line":148,"column":4},"end":{"line":150,"column":5}},"69":{"start":{"line":149,"column":6},"end":{"line":149,"column":43}},"70":{"start":{"line":152,"column":4},"end":{"line":152,"column":49}},"71":{"start":{"line":154,"column":27},"end":{"line":154,"column":80}},"72":{"start":{"line":155,"column":28},"end":{"line":155,"column":68}},"73":{"start":{"line":156,"column":4},"end":{"line":156,"column":88}},"74":{"start":{"line":158,"column":4},"end":{"line":158,"column":94}},"75":{"start":{"line":162,"column":27},"end":{"line":162,"column":69}},"76":{"start":{"line":163,"column":4},"end":{"line":165,"column":5}},"77":{"start":{"line":164,"column":6},"end":{"line":164,"column":43}},"78":{"start":{"line":166,"column":4},"end":{"line":166,"column":49}},"79":{"start":{"line":167,"column":4},"end":{"line":167,"column":25}},"80":{"start":{"line":18,"column":0},"end":{"line":18,"column":13}}},"fnMap":{"0":{"name":"(anonymous_0)","decl":{"start":{"line":19,"column":2},"end":{"line":19,"column":null}},"loc":{"start":{"line":25,"column":57},"end":{"line":26,"column":6}}},"1":{"name":"(anonymous_1)","decl":{"start":{"line":25,"column":41},"end":{"line":25,"column":44}},"loc":{"start":{"line":25,"column":47},"end":{"line":25,"column":57}}},"2":{"name":"(anonymous_2)","decl":{"start":{"line":28,"column":2},"end":{"line":28,"column":7}},"loc":{"start":{"line":28,"column":62},"end":{"line":45,"column":3}}},"3":{"name":"(anonymous_3)","decl":{"start":{"line":47,"column":2},"end":{"line":47,"column":7}},"loc":{"start":{"line":47,"column":45},"end":{"line":87,"column":3}}},"4":{"name":"(anonymous_4)","decl":{"start":{"line":89,"column":2},"end":{"line":89,"column":7}},"loc":{"start":{"line":89,"column":33},"end":{"line":101,"column":3}}},"5":{"name":"(anonymous_5)","decl":{"start":{"line":103,"column":2},"end":{"line":103,"column":7}},"loc":{"start":{"line":103,"column":42},"end":{"line":119,"column":3}}},"6":{"name":"(anonymous_6)","decl":{"start":{"line":121,"column":2},"end":{"line":121,"column":7}},"loc":{"start":{"line":121,"column":56},"end":{"line":144,"column":3}}},"7":{"name":"(anonymous_7)","decl":{"start":{"line":146,"column":2},"end":{"line":146,"column":7}},"loc":{"start":{"line":146,"column":36},"end":{"line":159,"column":3}}},"8":{"name":"(anonymous_8)","decl":{"start":{"line":161,"column":2},"end":{"line":161,"column":7}},"loc":{"start":{"line":161,"column":35},"end":{"line":168,"column":3}}}},"branchMap":{"0":{"loc":{"start":{"line":25,"column":21},"end":{"line":25,"column":57}},"type":"default-arg","locations":[{"start":{"line":25,"column":41},"end":{"line":25,"column":57}}]},"1":{"loc":{"start":{"line":29,"column":4},"end":{"line":31,"column":5}},"type":"if","locations":[{"start":{"line":29,"column":4},"end":{"line":31,"column":5}},{"start":{},"end":{}}]},"2":{"loc":{"start":{"line":34,"column":4},"end":{"line":36,"column":5}},"type":"if","locations":[{"start":{"line":34,"column":4},"end":{"line":36,"column":5}},{"start":{},"end":{}}]},"3":{"loc":{"start":{"line":49,"column":4},"end":{"line":51,"column":5}},"type":"if","locations":[{"start":{"line":49,"column":4},"end":{"line":51,"column":5}},{"start":{},"end":{}}]},"4":{"loc":{"start":{"line":55,"column":4},"end":{"line":58,"column":5}},"type":"if","locations":[{"start":{"line":55,"column":4},"end":{"line":58,"column":5}},{"start":{},"end":{}}]},"5":{"loc":{"start":{"line":55,"column":8},"end":{"line":55,"column":66}},"type":"binary-expr","locations":[{"start":{"line":55,"column":8},"end":{"line":55,"column":32}},{"start":{"line":55,"column":36},"end":{"line":55,"column":66}}]},"6":{"loc":{"start":{"line":60,"column":26},"end":{"line":62,"column":13}},"type":"cond-expr","locations":[{"start":{"line":61,"column":8},"end":{"line":61,"column":71}},{"start":{"line":62,"column":8},"end":{"line":62,"column":13}}]},"7":{"loc":{"start":{"line":64,"column":4},"end":{"line":75,"column":5}},"type":"if","locations":[{"start":{"line":64,"column":4},"end":{"line":75,"column":5}},{"start":{},"end":{}}]},"8":{"loc":{"start":{"line":69,"column":12},"end":{"line":69,"column":85}},"type":"binary-expr","locations":[{"start":{"line":69,"column":12},"end":{"line":69,"column":22}},{"start":{"line":69,"column":26},"end":{"line":69,"column":85}}]},"9":{"loc":{"start":{"line":71,"column":6},"end":{"line":73,"column":7}},"type":"if","locations":[{"start":{"line":71,"column":6},"end":{"line":73,"column":7}},{"start":{},"end":{}}]},"10":{"loc":{"start":{"line":91,"column":4},"end":{"line":93,"column":5}},"type":"if","locations":[{"start":{"line":91,"column":4},"end":{"line":93,"column":5}},{"start":{},"end":{}}]},"11":{"loc":{"start":{"line":105,"column":4},"end":{"line":107,"column":5}},"type":"if","locations":[{"start":{"line":105,"column":4},"end":{"line":107,"column":5}},{"start":{},"end":{}}]},"12":{"loc":{"start":{"line":123,"column":4},"end":{"line":125,"column":5}},"type":"if","locations":[{"start":{"line":123,"column":4},"end":{"line":125,"column":5}},{"start":{},"end":{}}]},"13":{"loc":{"start":{"line":128,"column":4},"end":{"line":130,"column":5}},"type":"if","locations":[{"start":{"line":128,"column":4},"end":{"line":130,"column":5}},{"start":{},"end":{}}]},"14":{"loc":{"start":{"line":128,"column":8},"end":{"line":128,"column":90}},"type":"binary-expr","locations":[{"start":{"line":128,"column":8},"end":{"line":128,"column":44}},{"start":{"line":128,"column":48},"end":{"line":128,"column":90}}]},"15":{"loc":{"start":{"line":132,"column":4},"end":{"line":134,"column":5}},"type":"if","locations":[{"start":{"line":132,"column":4},"end":{"line":134,"column":5}},{"start":{},"end":{}}]},"16":{"loc":{"start":{"line":148,"column":4},"end":{"line":150,"column":5}},"type":"if","locations":[{"start":{"line":148,"column":4},"end":{"line":150,"column":5}},{"start":{},"end":{}}]},"17":{"loc":{"start":{"line":163,"column":4},"end":{"line":165,"column":5}},"type":"if","locations":[{"start":{"line":163,"column":4},"end":{"line":165,"column":5}},{"start":{},"end":{}}]}},"s":{"0":1,"1":1,"2":1,"3":1,"4":1,"5":1,"6":0,"7":30,"8":30,"9":30,"10":30,"11":30,"12":30,"13":7,"14":3,"15":4,"16":4,"17":1,"18":3,"19":3,"20":3,"21":3,"22":3,"23":10,"24":10,"25":1,"26":9,"27":9,"28":1,"29":1,"30":8,"31":8,"32":4,"33":4,"34":4,"35":4,"36":2,"37":4,"38":4,"39":4,"40":4,"41":4,"42":4,"43":2,"44":2,"45":1,"46":1,"47":1,"48":2,"49":2,"50":1,"51":1,"52":1,"53":1,"54":1,"55":1,"56":4,"57":4,"58":1,"59":3,"60":3,"61":1,"62":2,"63":1,"64":1,"65":1,"66":1,"67":3,"68":3,"69":1,"70":2,"71":2,"72":2,"73":2,"74":2,"75":2,"76":2,"77":1,"78":1,"79":1,"80":1},"f":{"0":30,"1":0,"2":7,"3":10,"4":2,"5":2,"6":4,"7":3,"8":2},"b":{"0":[0],"1":[3,4],"2":[1,3],"3":[1,9],"4":[1,8],"5":[9,2],"6":[8,0],"7":[4,4],"8":[4,2],"9":[2,2],"10":[1,1],"11":[1,1],"12":[1,3],"13":[1,2],"14":[3,3],"15":[1,1],"16":[1,2],"17":[1,1]}}
,"/workspaces/TCC-MBA/backend/src/billing/billing.module.ts": {"path":"/workspaces/TCC-MBA/backend/src/billing/billing.module.ts","statementMap":{"0":{"start":{"line":1,"column":0},"end":{"line":1,"column":40}},"1":{"start":{"line":4,"column":7},"end":{"line":4,"column":null}},"2":{"start":{"line":4,"column":13},"end":{"line":4,"column":26}},"3":{"start":{"line":4,"column":13},"end":{"line":4,"column":null}}},"fnMap":{},"branchMap":{},"s":{"0":1,"1":1,"2":1,"3":1},"f":{},"b":{}}
,"/workspaces/TCC-MBA/backend/src/booking/booking.module.ts": {"path":"/workspaces/TCC-MBA/backend/src/booking/booking.module.ts","statementMap":{"0":{"start":{"line":1,"column":0},"end":{"line":1,"column":40}},"1":{"start":{"line":4,"column":7},"end":{"line":4,"column":null}},"2":{"start":{"line":4,"column":13},"end":{"line":4,"column":26}},"3":{"start":{"line":4,"column":13},"end":{"line":4,"column":null}}},"fnMap":{},"branchMap":{},"s":{"0":1,"1":1,"2":1,"3":1},"f":{},"b":{}}
,"/workspaces/TCC-MBA/backend/src/conversation/conversation.module.ts": {"path":"/workspaces/TCC-MBA/backend/src/conversation/conversation.module.ts","statementMap":{"0":{"start":{"line":1,"column":0},"end":{"line":1,"column":40}},"1":{"start":{"line":4,"column":7},"end":{"line":4,"column":null}},"2":{"start":{"line":4,"column":13},"end":{"line":4,"column":31}},"3":{"start":{"line":4,"column":13},"end":{"line":4,"column":null}}},"fnMap":{},"branchMap":{},"s":{"0":1,"1":1,"2":1,"3":1},"f":{},"b":{}}
,"/workspaces/TCC-MBA/backend/src/health/health.controller.ts": {"path":"/workspaces/TCC-MBA/backend/src/health/health.controller.ts","statementMap":{"0":{"start":{"line":1,"column":0},"end":{"line":1,"column":66}},"1":{"start":{"line":3,"column":0},"end":{"line":3,"column":49}},"2":{"start":{"line":6,"column":7},"end":{"line":15,"column":null}},"3":{"start":{"line":7,"column":31},"end":{"line":7,"column":46}},"4":{"start":{"line":11,"column":19},"end":{"line":11,"column":51}},"5":{"start":{"line":12,"column":23},"end":{"line":12,"column":94}},"6":{"start":{"line":13,"column":4},"end":{"line":13,"column":40}},"7":{"start":{"line":6,"column":13},"end":{"line":6,"column":29}},"8":{"start":{"line":10,"column":8},"end":{"line":14,"column":null}},"9":{"start":{"line":6,"column":13},"end":{"line":15,"column":null}}},"fnMap":{"0":{"name":"(anonymous_4)","decl":{"start":{"line":7,"column":2},"end":{"line":7,"column":31}},"loc":{"start":{"line":7,"column":59},"end":{"line":7,"column":63}}},"1":{"name":"(anonymous_5)","decl":{"start":{"line":10,"column":8},"end":{"line":10,"column":13}},"loc":{"start":{"line":10,"column":34},"end":{"line":14,"column":3}}}},"branchMap":{"0":{"loc":{"start":{"line":12,"column":23},"end":{"line":12,"column":94}},"type":"cond-expr","locations":[{"start":{"line":12,"column":48},"end":{"line":12,"column":61}},{"start":{"line":12,"column":64},"end":{"line":12,"column":94}}]},"1":{"loc":{"start":{"line":10,"column":37},"end":{"line":10,"column":null}},"type":"cond-expr","locations":[{"start":{"line":10,"column":44},"end":{"line":10,"column":null}},{"start":{"line":10,"column":44},"end":{"line":10,"column":null}}]},"2":{"loc":{"start":{"line":10,"column":37},"end":{"line":10,"column":44}},"type":"binary-expr","locations":[{"start":{"line":10,"column":37},"end":{"line":10,"column":null}},{"start":{"line":10,"column":37},"end":{"line":10,"column":44}}]},"3":{"loc":{"start":{"line":7,"column":46},"end":{"line":7,"column":62}},"type":"cond-expr","locations":[{"start":{"line":7,"column":59},"end":{"line":7,"column":62}},{"start":{"line":7,"column":59},"end":{"line":7,"column":62}}]},"4":{"loc":{"start":{"line":7,"column":46},"end":{"line":7,"column":59}},"type":"binary-expr","locations":[{"start":{"line":7,"column":46},"end":{"line":7,"column":62}},{"start":{"line":7,"column":46},"end":{"line":7,"column":59}}]}},"s":{"0":1,"1":1,"2":1,"3":1,"4":0,"5":0,"6":0,"7":1,"8":1,"9":1},"f":{"0":1,"1":0},"b":{"0":[0,0],"1":[1,0],"2":[1,1],"3":[1,0],"4":[1,1]}}
,"/workspaces/TCC-MBA/backend/src/health/health.module.ts": {"path":"/workspaces/TCC-MBA/backend/src/health/health.module.ts","statementMap":{"0":{"start":{"line":1,"column":0},"end":{"line":1,"column":40}},"1":{"start":{"line":2,"column":0},"end":{"line":2,"column":55}},"2":{"start":{"line":3,"column":0},"end":{"line":3,"column":49}},"3":{"start":{"line":4,"column":0},"end":{"line":4,"column":65}},"4":{"start":{"line":5,"column":0},"end":{"line":5,"column":63}},"5":{"start":{"line":20,"column":7},"end":{"line":20,"column":null}},"6":{"start":{"line":20,"column":13},"end":{"line":20,"column":25}},"7":{"start":{"line":20,"column":13},"end":{"line":20,"column":null}},"8":{"start":{"line":15,"column":8},"end":{"line":15,"column":36}}},"fnMap":{"0":{"name":"(anonymous_1)","decl":{"start":{"line":14,"column":18},"end":{"line":14,"column":19}},"loc":{"start":{"line":15,"column":8},"end":{"line":15,"column":36}}}},"branchMap":{},"s":{"0":1,"1":1,"2":1,"3":1,"4":1,"5":1,"6":1,"7":1,"8":1},"f":{"0":1},"b":{}}
,"/workspaces/TCC-MBA/backend/src/health/health.service.ts": {"path":"/workspaces/TCC-MBA/backend/src/health/health.service.ts","statementMap":{"0":{"start":{"line":17,"column":21},"end":{"line":17,"column":43}},"1":{"start":{"line":18,"column":21},"end":{"line":18,"column":43}},"2":{"start":{"line":22,"column":42},"end":{"line":25,"column":6}},"3":{"start":{"line":23,"column":37},"end":{"line":23,"column":50}},"4":{"start":{"line":23,"column":64},"end":{"line":23,"column":79}},"5":{"start":{"line":24,"column":40},"end":{"line":24,"column":53}},"6":{"start":{"line":24,"column":67},"end":{"line":24,"column":82}},"7":{"start":{"line":27,"column":19},"end":{"line":27,"column":83}},"8":{"start":{"line":29,"column":4},"end":{"line":29,"column":68}},"9":{"start":{"line":15,"column":0},"end":{"line":15,"column":13}}},"fnMap":{"0":{"name":"(anonymous_0)","decl":{"start":{"line":16,"column":2},"end":{"line":16,"column":null}},"loc":{"start":{"line":18,"column":43},"end":{"line":19,"column":6}}},"1":{"name":"(anonymous_1)","decl":{"start":{"line":21,"column":2},"end":{"line":21,"column":7}},"loc":{"start":{"line":21,"column":13},"end":{"line":30,"column":3}}},"2":{"name":"(anonymous_2)","decl":{"start":{"line":23,"column":31},"end":{"line":23,"column":34}},"loc":{"start":{"line":23,"column":37},"end":{"line":23,"column":50}}},"3":{"name":"(anonymous_3)","decl":{"start":{"line":23,"column":58},"end":{"line":23,"column":61}},"loc":{"start":{"line":23,"column":64},"end":{"line":23,"column":79}}},"4":{"name":"(anonymous_4)","decl":{"start":{"line":24,"column":34},"end":{"line":24,"column":37}},"loc":{"start":{"line":24,"column":40},"end":{"line":24,"column":53}}},"5":{"name":"(anonymous_5)","decl":{"start":{"line":24,"column":61},"end":{"line":24,"column":64}},"loc":{"start":{"line":24,"column":67},"end":{"line":24,"column":82}}}},"branchMap":{"0":{"loc":{"start":{"line":27,"column":19},"end":{"line":27,"column":83}},"type":"cond-expr","locations":[{"start":{"line":27,"column":69},"end":{"line":27,"column":73}},{"start":{"line":27,"column":76},"end":{"line":27,"column":83}}]},"1":{"loc":{"start":{"line":27,"column":19},"end":{"line":27,"column":66}},"type":"binary-expr","locations":[{"start":{"line":27,"column":19},"end":{"line":27,"column":42}},{"start":{"line":27,"column":46},"end":{"line":27,"column":66}}]}},"s":{"0":10,"1":10,"2":9,"3":5,"4":4,"5":5,"6":4,"7":9,"8":9,"9":2},"f":{"0":10,"1":9,"2":5,"3":4,"4":5,"5":4},"b":{"0":[3,6],"1":[9,5]}}
,"/workspaces/TCC-MBA/backend/src/health/probes/prisma-health.probe.ts": {"path":"/workspaces/TCC-MBA/backend/src/health/probes/prisma-health.probe.ts","statementMap":{"0":{"start":{"line":1,"column":0},"end":{"line":1,"column":44}},"1":{"start":{"line":5,"column":7},"end":{"line":10,"column":null}},"2":{"start":{"line":5,"column":13},"end":{"line":5,"column":30}},"3":{"start":{"line":5,"column":13},"end":{"line":10,"column":null}}},"fnMap":{"0":{"name":"(anonymous_1)","decl":{"start":{"line":6,"column":2},"end":{"line":6,"column":7}},"loc":{"start":{"line":6,"column":12},"end":{"line":9,"column":3}}}},"branchMap":{},"s":{"0":1,"1":1,"2":1,"3":1},"f":{"0":0},"b":{}}
,"/workspaces/TCC-MBA/backend/src/health/probes/redis-health.probe.ts": {"path":"/workspaces/TCC-MBA/backend/src/health/probes/redis-health.probe.ts","statementMap":{"0":{"start":{"line":1,"column":0},"end":{"line":1,"column":44}},"1":{"start":{"line":5,"column":7},"end":{"line":10,"column":null}},"2":{"start":{"line":5,"column":13},"end":{"line":5,"column":29}},"3":{"start":{"line":5,"column":13},"end":{"line":10,"column":null}}},"fnMap":{"0":{"name":"(anonymous_1)","decl":{"start":{"line":6,"column":2},"end":{"line":6,"column":7}},"loc":{"start":{"line":6,"column":12},"end":{"line":9,"column":3}}}},"branchMap":{},"s":{"0":1,"1":1,"2":1,"3":1},"f":{"0":0},"b":{}}
,"/workspaces/TCC-MBA/backend/src/infra/infra.module.ts": {"path":"/workspaces/TCC-MBA/backend/src/infra/infra.module.ts","statementMap":{"0":{"start":{"line":1,"column":0},"end":{"line":1,"column":40}},"1":{"start":{"line":6,"column":7},"end":{"line":6,"column":null}},"2":{"start":{"line":6,"column":13},"end":{"line":6,"column":24}},"3":{"start":{"line":6,"column":13},"end":{"line":6,"column":null}}},"fnMap":{},"branchMap":{},"s":{"0":1,"1":1,"2":1,"3":1},"f":{},"b":{}}
,"/workspaces/TCC-MBA/backend/src/infra/ports/ai-gateway.port.ts": {"path":"/workspaces/TCC-MBA/backend/src/infra/ports/ai-gateway.port.ts","statementMap":{"0":{"start":{"line":29,"column":13},"end":{"line":29,"column":47}}},"fnMap":{},"branchMap":{},"s":{"0":0},"f":{},"b":{}}
,"/workspaces/TCC-MBA/backend/src/infra/ports/audit-log.port.ts": {"path":"/workspaces/TCC-MBA/backend/src/infra/ports/audit-log.port.ts","statementMap":{"0":{"start":{"line":16,"column":13},"end":{"line":16,"column":60}}},"fnMap":{},"branchMap":{},"s":{"0":0},"f":{},"b":{}}
,"/workspaces/TCC-MBA/backend/src/infra/ports/calendar-gateway.port.ts": {"path":"/workspaces/TCC-MBA/backend/src/infra/ports/calendar-gateway.port.ts","statementMap":{"0":{"start":{"line":29,"column":13},"end":{"line":29,"column":59}}},"fnMap":{},"branchMap":{},"s":{"0":0},"f":{},"b":{}}
,"/workspaces/TCC-MBA/backend/src/infra/ports/payment-gateway.port.ts": {"path":"/workspaces/TCC-MBA/backend/src/infra/ports/payment-gateway.port.ts","statementMap":{"0":{"start":{"line":19,"column":13},"end":{"line":19,"column":57}}},"fnMap":{},"branchMap":{},"s":{"0":0},"f":{},"b":{}}
,"/workspaces/TCC-MBA/backend/src/infra/ports/sse-event-bus.port.ts": {"path":"/workspaces/TCC-MBA/backend/src/infra/ports/sse-event-bus.port.ts","statementMap":{"0":{"start":{"line":12,"column":13},"end":{"line":12,"column":52}}},"fnMap":{},"branchMap":{},"s":{"0":0},"f":{},"b":{}}
,"/workspaces/TCC-MBA/backend/src/infra/ports/whatsapp-gateway.port.ts": {"path":"/workspaces/TCC-MBA/backend/src/infra/ports/whatsapp-gateway.port.ts","statementMap":{"0":{"start":{"line":21,"column":13},"end":{"line":21,"column":59}}},"fnMap":{},"branchMap":{},"s":{"0":0},"f":{},"b":{}}
,"/workspaces/TCC-MBA/backend/src/patient/patient.module.ts": {"path":"/workspaces/TCC-MBA/backend/src/patient/patient.module.ts","statementMap":{"0":{"start":{"line":1,"column":0},"end":{"line":1,"column":40}},"1":{"start":{"line":4,"column":7},"end":{"line":4,"column":null}},"2":{"start":{"line":4,"column":13},"end":{"line":4,"column":26}},"3":{"start":{"line":4,"column":13},"end":{"line":4,"column":null}}},"fnMap":{},"branchMap":{},"s":{"0":1,"1":1,"2":1,"3":1},"f":{},"b":{}}
,"/workspaces/TCC-MBA/backend/src/patient/patient.service.ts": {"path":"/workspaces/TCC-MBA/backend/src/patient/patient.service.ts","statementMap":{"0":{"start":{"line":1,"column":0},"end":{"line":1,"column":36}},"1":{"start":{"line":3,"column":0},"end":{"line":3,"column":43}},"2":{"start":{"line":10,"column":47},"end":{"line":10,"column":57}},"3":{"start":{"line":9,"column":21},"end":{"line":9,"column":45}},"4":{"start":{"line":10,"column":21},"end":{"line":10,"column":41}},"5":{"start":{"line":15,"column":21},"end":{"line":15,"column":77}},"6":{"start":{"line":16,"column":4},"end":{"line":18,"column":5}},"7":{"start":{"line":17,"column":6},"end":{"line":17,"column":26}},"8":{"start":{"line":19,"column":20},"end":{"line":23,"column":6}},"9":{"start":{"line":24,"column":4},"end":{"line":24,"column":23}},"10":{"start":{"line":33,"column":24},"end":{"line":33,"column":66}},"11":{"start":{"line":34,"column":4},"end":{"line":34,"column":40}},"12":{"start":{"line":34,"column":21},"end":{"line":34,"column":40}},"13":{"start":{"line":36,"column":20},"end":{"line":36,"column":52}},"14":{"start":{"line":37,"column":4},"end":{"line":37,"column":23}},"15":{"start":{"line":42,"column":24},"end":{"line":42,"column":66}},"16":{"start":{"line":43,"column":4},"end":{"line":43,"column":40}},"17":{"start":{"line":43,"column":21},"end":{"line":43,"column":40}},"18":{"start":{"line":45,"column":20},"end":{"line":45,"column":48}},"19":{"start":{"line":46,"column":4},"end":{"line":46,"column":24}},"20":{"start":{"line":51,"column":24},"end":{"line":51,"column":66}},"21":{"start":{"line":52,"column":4},"end":{"line":52,"column":40}},"22":{"start":{"line":52,"column":21},"end":{"line":52,"column":40}},"23":{"start":{"line":54,"column":28},"end":{"line":54,"column":73}},"24":{"start":{"line":56,"column":4},"end":{"line":61,"column":7}},"25":{"start":{"line":63,"column":4},"end":{"line":63,"column":25}},"26":{"start":{"line":67,"column":24},"end":{"line":67,"column":66}},"27":{"start":{"line":68,"column":4},"end":{"line":68,"column":40}},"28":{"start":{"line":68,"column":21},"end":{"line":68,"column":40}},"29":{"start":{"line":70,"column":20},"end":{"line":70,"column":78}},"30":{"start":{"line":71,"column":4},"end":{"line":71,"column":23}},"31":{"start":{"line":76,"column":20},"end":{"line":76,"column":48}},"32":{"start":{"line":77,"column":4},"end":{"line":79,"column":5}},"33":{"start":{"line":78,"column":6},"end":{"line":78,"column":52}},"34":{"start":{"line":80,"column":4},"end":{"line":82,"column":5}},"35":{"start":{"line":81,"column":6},"end":{"line":81,"column":43}},"36":{"start":{"line":83,"column":4},"end":{"line":83,"column":16}},"37":{"start":{"line":7,"column":0},"end":{"line":7,"column":13}}},"fnMap":{"0":{"name":"(anonymous_0)","decl":{"start":{"line":8,"column":2},"end":{"line":8,"column":null}},"loc":{"start":{"line":10,"column":57},"end":{"line":11,"column":6}}},"1":{"name":"(anonymous_1)","decl":{"start":{"line":10,"column":41},"end":{"line":10,"column":44}},"loc":{"start":{"line":10,"column":47},"end":{"line":10,"column":57}}},"2":{"name":"(anonymous_2)","decl":{"start":{"line":14,"column":2},"end":{"line":14,"column":7}},"loc":{"start":{"line":14,"column":71},"end":{"line":25,"column":3}}},"3":{"name":"(anonymous_3)","decl":{"start":{"line":28,"column":2},"end":{"line":28,"column":7}},"loc":{"start":{"line":31,"column":56},"end":{"line":38,"column":3}}},"4":{"name":"(anonymous_4)","decl":{"start":{"line":41,"column":2},"end":{"line":41,"column":7}},"loc":{"start":{"line":41,"column":50},"end":{"line":47,"column":3}}},"5":{"name":"(anonymous_5)","decl":{"start":{"line":50,"column":2},"end":{"line":50,"column":7}},"loc":{"start":{"line":50,"column":52},"end":{"line":64,"column":3}}},"6":{"name":"(anonymous_6)","decl":{"start":{"line":66,"column":2},"end":{"line":66,"column":7}},"loc":{"start":{"line":66,"column":53},"end":{"line":72,"column":3}}},"7":{"name":"(anonymous_7)","decl":{"start":{"line":75,"column":10},"end":{"line":75,"column":15}},"loc":{"start":{"line":75,"column":62},"end":{"line":84,"column":3}}}},"branchMap":{"0":{"loc":{"start":{"line":10,"column":21},"end":{"line":10,"column":57}},"type":"default-arg","locations":[{"start":{"line":10,"column":41},"end":{"line":10,"column":57}}]},"1":{"loc":{"start":{"line":16,"column":4},"end":{"line":18,"column":5}},"type":"if","locations":[{"start":{"line":16,"column":4},"end":{"line":18,"column":5}},{"start":{},"end":{}}]},"2":{"loc":{"start":{"line":34,"column":4},"end":{"line":34,"column":40}},"type":"if","locations":[{"start":{"line":34,"column":4},"end":{"line":34,"column":40}},{"start":{},"end":{}}]},"3":{"loc":{"start":{"line":43,"column":4},"end":{"line":43,"column":40}},"type":"if","locations":[{"start":{"line":43,"column":4},"end":{"line":43,"column":40}},{"start":{},"end":{}}]},"4":{"loc":{"start":{"line":52,"column":4},"end":{"line":52,"column":40}},"type":"if","locations":[{"start":{"line":52,"column":4},"end":{"line":52,"column":40}},{"start":{},"end":{}}]},"5":{"loc":{"start":{"line":68,"column":4},"end":{"line":68,"column":40}},"type":"if","locations":[{"start":{"line":68,"column":4},"end":{"line":68,"column":40}},{"start":{},"end":{}}]},"6":{"loc":{"start":{"line":77,"column":4},"end":{"line":79,"column":5}},"type":"if","locations":[{"start":{"line":77,"column":4},"end":{"line":79,"column":5}},{"start":{},"end":{}}]},"7":{"loc":{"start":{"line":80,"column":4},"end":{"line":82,"column":5}},"type":"if","locations":[{"start":{"line":80,"column":4},"end":{"line":82,"column":5}},{"start":{},"end":{}}]}},"s":{"0":1,"1":1,"2":0,"3":17,"4":17,"5":4,"6":4,"7":1,"8":3,"9":3,"10":4,"11":4,"12":2,"13":2,"14":2,"15":3,"16":3,"17":2,"18":1,"19":1,"20":4,"21":4,"22":2,"23":2,"24":2,"25":2,"26":2,"27":2,"28":1,"29":1,"30":1,"31":13,"32":13,"33":3,"34":10,"35":4,"36":6,"37":1},"f":{"0":17,"1":0,"2":4,"3":4,"4":3,"5":4,"6":2,"7":13},"b":{"0":[0],"1":[1,3],"2":[2,2],"3":[2,1],"4":[2,2],"5":[1,1],"6":[3,10],"7":[4,6]}}
,"/workspaces/TCC-MBA/backend/src/schedule/availability.service.ts": {"path":"/workspaces/TCC-MBA/backend/src/schedule/availability.service.ts","statementMap":{"0":{"start":{"line":2,"column":0},"end":{"line":2,"column":43}},"1":{"start":{"line":8,"column":17},"end":{"line":8,"column":44}},"2":{"start":{"line":9,"column":2},"end":{"line":9,"column":20}},"3":{"start":{"line":16,"column":47},"end":{"line":16,"column":57}},"4":{"start":{"line":14,"column":21},"end":{"line":14,"column":50}},"5":{"start":{"line":15,"column":21},"end":{"line":15,"column":52}},"6":{"start":{"line":16,"column":21},"end":{"line":16,"column":41}},"7":{"start":{"line":20,"column":20},"end":{"line":20,"column":70}},"8":{"start":{"line":21,"column":4},"end":{"line":21,"column":23}},"9":{"start":{"line":26,"column":17},"end":{"line":26,"column":48}},"10":{"start":{"line":26,"column":36},"end":{"line":26,"column":47}},"11":{"start":{"line":27,"column":4},"end":{"line":32,"column":5}},"12":{"start":{"line":28,"column":6},"end":{"line":31,"column":9}},"13":{"start":{"line":35,"column":4},"end":{"line":38,"column":5}},"14":{"start":{"line":36,"column":30},"end":{"line":36,"column":51}},"15":{"start":{"line":37,"column":6},"end":{"line":37,"column":55}},"16":{"start":{"line":37,"column":27},"end":{"line":37,"column":55}},"17":{"start":{"line":41,"column":4},"end":{"line":43,"column":5}},"18":{"start":{"line":42,"column":6},"end":{"line":42,"column":53}},"19":{"start":{"line":46,"column":4},"end":{"line":49,"column":7}},"20":{"start":{"line":51,"column":4},"end":{"line":51,"column":25}},"21":{"start":{"line":55,"column":25},"end":{"line":55,"column":52}},"22":{"start":{"line":56,"column":23},"end":{"line":56,"column":48}},"23":{"start":{"line":58,"column":4},"end":{"line":60,"column":5}},"24":{"start":{"line":59,"column":6},"end":{"line":59,"column":114}},"25":{"start":{"line":61,"column":4},"end":{"line":63,"column":5}},"26":{"start":{"line":62,"column":6},"end":{"line":62,"column":107}},"27":{"start":{"line":64,"column":4},"end":{"line":66,"column":5}},"28":{"start":{"line":65,"column":6},"end":{"line":65,"column":112}},"29":{"start":{"line":67,"column":4},"end":{"line":67,"column":16}},"30":{"start":{"line":12,"column":0},"end":{"line":12,"column":13}}},"fnMap":{"0":{"name":"toMinutes","decl":{"start":{"line":7,"column":9},"end":{"line":7,"column":18}},"loc":{"start":{"line":7,"column":31},"end":{"line":10,"column":1}}},"1":{"name":"(anonymous_1)","decl":{"start":{"line":13,"column":2},"end":{"line":13,"column":null}},"loc":{"start":{"line":16,"column":57},"end":{"line":17,"column":6}}},"2":{"name":"(anonymous_2)","decl":{"start":{"line":16,"column":41},"end":{"line":16,"column":44}},"loc":{"start":{"line":16,"column":47},"end":{"line":16,"column":57}}},"3":{"name":"(anonymous_3)","decl":{"start":{"line":19,"column":2},"end":{"line":19,"column":7}},"loc":{"start":{"line":19,"column":40},"end":{"line":22,"column":3}}},"4":{"name":"(anonymous_4)","decl":{"start":{"line":24,"column":2},"end":{"line":24,"column":7}},"loc":{"start":{"line":24,"column":74},"end":{"line":52,"column":3}}},"5":{"name":"(anonymous_5)","decl":{"start":{"line":26,"column":29},"end":{"line":26,"column":30}},"loc":{"start":{"line":26,"column":36},"end":{"line":26,"column":47}}},"6":{"name":"(anonymous_6)","decl":{"start":{"line":54,"column":10},"end":{"line":54,"column":18}},"loc":{"start":{"line":54,"column":45},"end":{"line":68,"column":3}}}},"branchMap":{"0":{"loc":{"start":{"line":16,"column":21},"end":{"line":16,"column":57}},"type":"default-arg","locations":[{"start":{"line":16,"column":41},"end":{"line":16,"column":57}}]},"1":{"loc":{"start":{"line":27,"column":4},"end":{"line":32,"column":5}},"type":"if","locations":[{"start":{"line":27,"column":4},"end":{"line":32,"column":5}},{"start":{},"end":{}}]},"2":{"loc":{"start":{"line":37,"column":6},"end":{"line":37,"column":55}},"type":"if","locations":[{"start":{"line":37,"column":6},"end":{"line":37,"column":55}},{"start":{},"end":{}}]},"3":{"loc":{"start":{"line":58,"column":4},"end":{"line":60,"column":5}},"type":"if","locations":[{"start":{"line":58,"column":4},"end":{"line":60,"column":5}},{"start":{},"end":{}}]},"4":{"loc":{"start":{"line":61,"column":4},"end":{"line":63,"column":5}},"type":"if","locations":[{"start":{"line":61,"column":4},"end":{"line":63,"column":5}},{"start":{},"end":{}}]},"5":{"loc":{"start":{"line":64,"column":4},"end":{"line":66,"column":5}},"type":"if","locations":[{"start":{"line":64,"column":4},"end":{"line":66,"column":5}},{"start":{},"end":{}}]}},"s":{"0":1,"1":24,"2":24,"3":0,"4":13,"5":13,"6":13,"7":2,"8":2,"9":11,"10":14,"11":11,"12":1,"13":10,"14":12,"15":12,"16":5,"17":5,"18":7,"19":5,"20":5,"21":12,"22":12,"23":12,"24":2,"25":10,"26":2,"27":8,"28":1,"29":7,"30":1},"f":{"0":24,"1":13,"2":0,"3":2,"4":11,"5":14,"6":12},"b":{"0":[0],"1":[1,10],"2":[5,7],"3":[2,10],"4":[2,8],"5":[1,7]}}
,"/workspaces/TCC-MBA/backend/src/schedule/schedule.module.ts": {"path":"/workspaces/TCC-MBA/backend/src/schedule/schedule.module.ts","statementMap":{"0":{"start":{"line":1,"column":0},"end":{"line":1,"column":40}},"1":{"start":{"line":4,"column":7},"end":{"line":4,"column":null}},"2":{"start":{"line":4,"column":13},"end":{"line":4,"column":27}},"3":{"start":{"line":4,"column":13},"end":{"line":4,"column":null}}},"fnMap":{},"branchMap":{},"s":{"0":1,"1":1,"2":1,"3":1},"f":{},"b":{}}
,"/workspaces/TCC-MBA/backend/src/schedule/slot-calculation.service.ts": {"path":"/workspaces/TCC-MBA/backend/src/schedule/slot-calculation.service.ts","statementMap":{"0":{"start":{"line":2,"column":0},"end":{"line":2,"column":38}},"1":{"start":{"line":13,"column":47},"end":{"line":13,"column":57}},"2":{"start":{"line":10,"column":21},"end":{"line":10,"column":55}},"3":{"start":{"line":11,"column":21},"end":{"line":11,"column":56}},"4":{"start":{"line":12,"column":21},"end":{"line":12,"column":61}},"5":{"start":{"line":13,"column":21},"end":{"line":13,"column":41}},"6":{"start":{"line":17,"column":27},"end":{"line":17,"column":82}},"7":{"start":{"line":18,"column":16},"end":{"line":18,"column":28}},"8":{"start":{"line":21,"column":21},"end":{"line":21,"column":33}},"9":{"start":{"line":22,"column":4},"end":{"line":22,"column":42}},"10":{"start":{"line":24,"column":24},"end":{"line":24,"column":99}},"11":{"start":{"line":26,"column":30},"end":{"line":26,"column":32}},"12":{"start":{"line":27,"column":20},"end":{"line":27,"column":34}},"13":{"start":{"line":28,"column":4},"end":{"line":28,"column":36}},"14":{"start":{"line":30,"column":4},"end":{"line":66,"column":5}},"15":{"start":{"line":31,"column":24},"end":{"line":31,"column":43}},"16":{"start":{"line":32,"column":20},"end":{"line":32,"column":87}},"17":{"start":{"line":32,"column":47},"end":{"line":32,"column":86}},"18":{"start":{"line":34,"column":6},"end":{"line":63,"column":7}},"19":{"start":{"line":35,"column":33},"end":{"line":35,"column":71}},"20":{"start":{"line":36,"column":29},"end":{"line":36,"column":65}},"21":{"start":{"line":37,"column":27},"end":{"line":37,"column":43}},"22":{"start":{"line":38,"column":28},"end":{"line":38,"column":82}},"23":{"start":{"line":40,"column":31},"end":{"line":40,"column":51}},"24":{"start":{"line":42,"column":8},"end":{"line":62,"column":9}},"25":{"start":{"line":43,"column":28},"end":{"line":43,"column":45}},"26":{"start":{"line":44,"column":10},"end":{"line":44,"column":96}},"27":{"start":{"line":46,"column":26},"end":{"line":46,"column":45}},"28":{"start":{"line":47,"column":10},"end":{"line":47,"column":85}},"29":{"start":{"line":49,"column":31},"end":{"line":49,"column":69}},"30":{"start":{"line":50,"column":34},"end":{"line":50,"column":72}},"31":{"start":{"line":52,"column":10},"end":{"line":59,"column":11}},"32":{"start":{"line":53,"column":28},"end":{"line":53,"column":62}},"33":{"start":{"line":54,"column":23},"end":{"line":54,"column":81}},"34":{"start":{"line":55,"column":23},"end":{"line":55,"column":69}},"35":{"start":{"line":56,"column":27},"end":{"line":56,"column":68}},"36":{"start":{"line":58,"column":12},"end":{"line":58,"column":90}},"37":{"start":{"line":61,"column":10},"end":{"line":61,"column":42}},"38":{"start":{"line":65,"column":6},"end":{"line":65,"column":51}},"39":{"start":{"line":69,"column":4},"end":{"line":73,"column":6}},"40":{"start":{"line":71,"column":8},"end":{"line":71,"column":77}},"41":{"start":{"line":75,"column":4},"end":{"line":75,"column":21}},"42":{"start":{"line":79,"column":4},"end":{"line":79,"column":66}},"43":{"start":{"line":79,"column":30},"end":{"line":79,"column":64}},"44":{"start":{"line":8,"column":0},"end":{"line":8,"column":13}}},"fnMap":{"0":{"name":"(anonymous_0)","decl":{"start":{"line":9,"column":2},"end":{"line":9,"column":null}},"loc":{"start":{"line":13,"column":57},"end":{"line":14,"column":6}}},"1":{"name":"(anonymous_1)","decl":{"start":{"line":13,"column":41},"end":{"line":13,"column":44}},"loc":{"start":{"line":13,"column":47},"end":{"line":13,"column":57}}},"2":{"name":"(anonymous_2)","decl":{"start":{"line":16,"column":2},"end":{"line":16,"column":7}},"loc":{"start":{"line":16,"column":70},"end":{"line":76,"column":3}}},"3":{"name":"(anonymous_3)","decl":{"start":{"line":32,"column":40},"end":{"line":32,"column":41}},"loc":{"start":{"line":32,"column":47},"end":{"line":32,"column":86}}},"4":{"name":"(anonymous_4)","decl":{"start":{"line":70,"column":16},"end":{"line":70,"column":21}},"loc":{"start":{"line":70,"column":31},"end":{"line":72,"column":7}}},"5":{"name":"(anonymous_5)","decl":{"start":{"line":78,"column":10},"end":{"line":78,"column":24}},"loc":{"start":{"line":78,"column":69},"end":{"line":80,"column":3}}},"6":{"name":"(anonymous_6)","decl":{"start":{"line":79,"column":23},"end":{"line":79,"column":24}},"loc":{"start":{"line":79,"column":30},"end":{"line":79,"column":64}}}},"branchMap":{"0":{"loc":{"start":{"line":13,"column":21},"end":{"line":13,"column":57}},"type":"default-arg","locations":[{"start":{"line":13,"column":41},"end":{"line":13,"column":57}}]},"1":{"loc":{"start":{"line":32,"column":47},"end":{"line":32,"column":86}},"type":"binary-expr","locations":[{"start":{"line":32,"column":47},"end":{"line":32,"column":72}},{"start":{"line":32,"column":76},"end":{"line":32,"column":86}}]},"2":{"loc":{"start":{"line":34,"column":6},"end":{"line":63,"column":7}},"type":"if","locations":[{"start":{"line":34,"column":6},"end":{"line":63,"column":7}},{"start":{},"end":{}}]},"3":{"loc":{"start":{"line":52,"column":10},"end":{"line":59,"column":11}},"type":"if","locations":[{"start":{"line":52,"column":10},"end":{"line":59,"column":11}},{"start":{},"end":{}}]},"4":{"loc":{"start":{"line":52,"column":14},"end":{"line":52,"column":99}},"type":"binary-expr","locations":[{"start":{"line":52,"column":14},"end":{"line":52,"column":42}},{"start":{"line":52,"column":46},"end":{"line":52,"column":99}}]},"5":{"loc":{"start":{"line":79,"column":30},"end":{"line":79,"column":64}},"type":"binary-expr","locations":[{"start":{"line":79,"column":30},"end":{"line":79,"column":45}},{"start":{"line":79,"column":49},"end":{"line":79,"column":64}}]}},"s":{"0":1,"1":0,"2":11,"3":11,"4":11,"5":11,"6":10,"7":10,"8":10,"9":10,"10":10,"11":10,"12":10,"13":10,"14":10,"15":11,"16":11,"17":12,"18":11,"19":9,"20":9,"21":9,"22":9,"23":9,"24":9,"25":19,"26":19,"27":19,"28":19,"29":19,"30":19,"31":19,"32":16,"33":16,"34":16,"35":16,"36":16,"37":19,"38":11,"39":10,"40":16,"41":10,"42":17,"43":2,"44":1},"f":{"0":11,"1":0,"2":10,"3":12,"4":16,"5":17,"6":2},"b":{"0":[0],"1":[12,10],"2":[9,2],"3":[16,3],"4":[19,17],"5":[2,1]}}
,"/workspaces/TCC-MBA/backend/src/shared/result.ts": {"path":"/workspaces/TCC-MBA/backend/src/shared/result.ts","statementMap":{"0":{"start":{"line":22,"column":0},"end":{"line":22,"column":16}},"1":{"start":{"line":26,"column":0},"end":{"line":26,"column":16}},"2":{"start":{"line":30,"column":0},"end":{"line":30,"column":16}},"3":{"start":{"line":23,"column":2},"end":{"line":23,"column":29}},"4":{"start":{"line":27,"column":2},"end":{"line":27,"column":30}},"5":{"start":{"line":31,"column":2},"end":{"line":31,"column":19}}},"fnMap":{"0":{"name":"ok","decl":{"start":{"line":22,"column":16},"end":{"line":22,"column":18}},"loc":{"start":{"line":22,"column":30},"end":{"line":24,"column":1}}},"1":{"name":"err","decl":{"start":{"line":26,"column":16},"end":{"line":26,"column":19}},"loc":{"start":{"line":26,"column":45},"end":{"line":28,"column":1}}},"2":{"name":"isOk","decl":{"start":{"line":30,"column":16},"end":{"line":30,"column":20}},"loc":{"start":{"line":30,"column":47},"end":{"line":32,"column":1}}}},"branchMap":{},"s":{"0":5,"1":5,"2":5,"3":43,"4":31,"5":2},"f":{"0":43,"1":31,"2":2},"b":{}}
}
