TN:
SF:src/app.controller.ts
FN:6,(anonymous_2)
FN:9,(anonymous_3)
FNF:2
FNH:2
FNDA:2,(anonymous_2)
FNDA:1,(anonymous_3)
DA:1,2
DA:2,2
DA:5,2
DA:6,2
DA:9,2
DA:10,1
LF:6
LH:6
BRDA:6,0,0,2
BRDA:6,0,1,0
BRDA:6,1,0,2
BRDA:6,1,1,2
BRF:4
BRH:3
end_of_record
TN:
SF:src/app.module.ts
FNF:0
FNH:0
DA:1,1
DA:2,1
DA:3,1
DA:4,1
DA:5,1
DA:6,1
DA:7,1
DA:8,1
DA:9,1
DA:10,1
DA:11,1
DA:27,1
LF:12
LH:12
BRF:0
BRH:0
end_of_record
TN:
SF:src/app.service.ts
FN:5,(anonymous_1)
FNF:1
FNH:1
FNDA:1,(anonymous_1)
DA:1,2
DA:4,2
DA:6,1
LF:3
LH:3
BRF:0
BRH:0
end_of_record
TN:
SF:src/main.ts
FN:4,bootstrap
FNF:1
FNH:0
FNDA:0,bootstrap
DA:1,0
DA:2,0
DA:5,0
DA:6,0
DA:8,0
LF:5
LH:0
BRDA:6,0,0,0
BRDA:6,0,1,0
BRF:2
BRH:0
end_of_record
TN:
SF:src/auth/auth.module.ts
FNF:0
FNH:0
DA:1,1
DA:4,1
LF:2
LH:2
BRF:0
BRH:0
end_of_record
TN:
SF:src/auth/auth.service.ts
FN:19,(anonymous_0)
FN:25,(anonymous_1)
FN:28,(anonymous_2)
FN:47,(anonymous_3)
FN:89,(anonymous_4)
FN:103,(anonymous_5)
FN:121,(anonymous_6)
FN:146,(anonymous_7)
FN:161,(anonymous_8)
FNF:9
FNH:8
FNDA:30,(anonymous_0)
FNDA:0,(anonymous_1)
FNDA:7,(anonymous_2)
FNDA:10,(anonymous_3)
FNDA:2,(anonymous_4)
FNDA:2,(anonymous_5)
FNDA:4,(anonymous_6)
FNDA:3,(anonymous_7)
FNDA:2,(anonymous_8)
DA:2,1
DA:11,1
DA:13,1
DA:14,1
DA:15,1
DA:16,1
DA:18,1
DA:20,30
DA:21,30
DA:22,30
DA:23,30
DA:24,30
DA:25,30
DA:29,7
DA:30,3
DA:33,4
DA:34,4
DA:35,1
DA:38,3
DA:39,3
DA:41,3
DA:42,3
DA:44,3
DA:48,10
DA:49,10
DA:50,1
DA:53,9
DA:55,9
DA:56,1
DA:57,1
DA:60,8
DA:64,8
DA:65,4
DA:66,4
DA:67,4
DA:71,4
DA:72,2
DA:74,4
DA:77,4
DA:82,4
DA:83,4
DA:84,4
DA:86,4
DA:90,2
DA:91,2
DA:92,1
DA:95,1
DA:100,1
DA:104,2
DA:105,2
DA:106,1
DA:109,1
DA:110,1
DA:112,1
DA:116,1
DA:118,1
DA:122,4
DA:123,4
DA:124,1
DA:127,3
DA:128,3
DA:129,1
DA:132,2
DA:133,1
DA:136,1
DA:137,1
DA:143,1
DA:147,3
DA:148,3
DA:149,1
DA:152,2
DA:154,2
DA:155,2
DA:156,2
DA:158,2
DA:162,2
DA:163,2
DA:164,1
DA:166,1
DA:167,1
LF:80
LH:80
BRDA:25,0,0,0
BRDA:29,1,0,3
BRDA:29,1,1,4
BRDA:34,2,0,1
BRDA:34,2,1,3
BRDA:49,3,0,1
BRDA:49,3,1,9
BRDA:55,4,0,1
BRDA:55,4,1,8
BRDA:55,5,0,9
BRDA:55,5,1,2
BRDA:60,6,0,8
BRDA:60,6,1,0
BRDA:64,7,0,4
BRDA:64,7,1,4
BRDA:69,8,0,4
BRDA:69,8,1,2
BRDA:71,9,0,2
BRDA:71,9,1,2
BRDA:91,10,0,1
BRDA:91,10,1,1
BRDA:105,11,0,1
BRDA:105,11,1,1
BRDA:123,12,0,1
BRDA:123,12,1,3
BRDA:128,13,0,1
BRDA:128,13,1,2
BRDA:128,14,0,3
BRDA:128,14,1,3
BRDA:132,15,0,1
BRDA:132,15,1,1
BRDA:148,16,0,1
BRDA:148,16,1,2
BRDA:163,17,0,1
BRDA:163,17,1,1
BRF:35
BRH:33
end_of_record
TN:
SF:src/billing/billing.module.ts
FNF:0
FNH:0
DA:1,1
DA:4,1
LF:2
LH:2
BRF:0
BRH:0
end_of_record
TN:
SF:src/booking/booking.module.ts
FNF:0
FNH:0
DA:1,1
DA:4,1
LF:2
LH:2
BRF:0
BRH:0
end_of_record
TN:
SF:src/conversation/conversation.module.ts
FNF:0
FNH:0
DA:1,1
DA:4,1
LF:2
LH:2
BRF:0
BRH:0
end_of_record
TN:
SF:src/health/health.controller.ts
FN:7,(anonymous_4)
FN:10,(anonymous_5)
FNF:2
FNH:1
FNDA:1,(anonymous_4)
FNDA:0,(anonymous_5)
DA:1,1
DA:3,1
DA:6,1
DA:7,1
DA:10,1
DA:11,0
DA:12,0
DA:13,0
LF:8
LH:5
BRDA:12,0,0,0
BRDA:12,0,1,0
BRDA:10,1,0,1
BRDA:10,1,1,0
BRDA:10,2,0,1
BRDA:10,2,1,1
BRDA:7,3,0,1
BRDA:7,3,1,0
BRDA:7,4,0,1
BRDA:7,4,1,1
BRF:10
BRH:6
end_of_record
TN:
SF:src/health/health.module.ts
FN:14,(anonymous_1)
FNF:1
FNH:1
FNDA:1,(anonymous_1)
DA:1,1
DA:2,1
DA:3,1
DA:4,1
DA:5,1
DA:15,1
DA:20,1
LF:7
LH:7
BRF:0
BRH:0
end_of_record
TN:
SF:src/health/health.service.ts
FN:16,(anonymous_0)
FN:21,(anonymous_1)
FN:23,(anonymous_2)
FN:23,(anonymous_3)
FN:24,(anonymous_4)
FN:24,(anonymous_5)
FNF:6
FNH:6
FNDA:10,(anonymous_0)
FNDA:9,(anonymous_1)
FNDA:5,(anonymous_2)
FNDA:4,(anonymous_3)
FNDA:5,(anonymous_4)
FNDA:4,(anonymous_5)
DA:15,2
DA:17,10
DA:18,10
DA:22,9
DA:23,5
DA:24,5
DA:27,9
DA:29,9
LF:8
LH:8
BRDA:27,0,0,3
BRDA:27,0,1,6
BRDA:27,1,0,9
BRDA:27,1,1,5
BRF:4
BRH:4
end_of_record
TN:
SF:src/health/probes/prisma-health.probe.ts
FN:6,(anonymous_1)
FNF:1
FNH:0
FNDA:0,(anonymous_1)
DA:1,1
DA:5,1
LF:2
LH:2
BRF:0
BRH:0
end_of_record
TN:
SF:src/health/probes/redis-health.probe.ts
FN:6,(anonymous_1)
FNF:1
FNH:0
FNDA:0,(anonymous_1)
DA:1,1
DA:5,1
LF:2
LH:2
BRF:0
BRH:0
end_of_record
TN:
SF:src/infra/infra.module.ts
FNF:0
FNH:0
DA:1,1
DA:6,1
LF:2
LH:2
BRF:0
BRH:0
end_of_record
TN:
SF:src/infra/ports/ai-gateway.port.ts
FNF:0
FNH:0
DA:29,0
LF:1
LH:0
BRF:0
BRH:0
end_of_record
TN:
SF:src/infra/ports/audit-log.port.ts
FNF:0
FNH:0
DA:16,0
LF:1
LH:0
BRF:0
BRH:0
end_of_record
TN:
SF:src/infra/ports/calendar-gateway.port.ts
FNF:0
FNH:0
DA:29,0
LF:1
LH:0
BRF:0
BRH:0
end_of_record
TN:
SF:src/infra/ports/payment-gateway.port.ts
FNF:0
FNH:0
DA:19,0
LF:1
LH:0
BRF:0
BRH:0
end_of_record
TN:
SF:src/infra/ports/sse-event-bus.port.ts
FNF:0
FNH:0
DA:12,0
LF:1
LH:0
BRF:0
BRH:0
end_of_record
TN:
SF:src/infra/ports/whatsapp-gateway.port.ts
FNF:0
FNH:0
DA:21,0
LF:1
LH:0
BRF:0
BRH:0
end_of_record
TN:
SF:src/patient/patient.module.ts
FNF:0
FNH:0
DA:1,1
DA:4,1
LF:2
LH:2
BRF:0
BRH:0
end_of_record
TN:
SF:src/patient/patient.service.ts
FN:8,(anonymous_0)
FN:10,(anonymous_1)
FN:14,(anonymous_2)
FN:28,(anonymous_3)
FN:41,(anonymous_4)
FN:50,(anonymous_5)
FN:66,(anonymous_6)
FN:75,(anonymous_7)
FNF:8
FNH:7
FNDA:17,(anonymous_0)
FNDA:0,(anonymous_1)
FNDA:4,(anonymous_2)
FNDA:4,(anonymous_3)
FNDA:3,(anonymous_4)
FNDA:4,(anonymous_5)
FNDA:2,(anonymous_6)
FNDA:13,(anonymous_7)
DA:1,1
DA:3,1
DA:7,1
DA:9,17
DA:10,17
DA:15,4
DA:16,4
DA:17,1
DA:19,3
DA:24,3
DA:33,4
DA:34,4
DA:36,2
DA:37,2
DA:42,3
DA:43,3
DA:45,1
DA:46,1
DA:51,4
DA:52,4
DA:54,2
DA:56,2
DA:63,2
DA:67,2
DA:68,2
DA:70,1
DA:71,1
DA:76,13
DA:77,13
DA:78,3
DA:80,10
DA:81,4
DA:83,6
LF:33
LH:33
BRDA:10,0,0,0
BRDA:16,1,0,1
BRDA:16,1,1,3
BRDA:34,2,0,2
BRDA:34,2,1,2
BRDA:43,3,0,2
BRDA:43,3,1,1
BRDA:52,4,0,2
BRDA:52,4,1,2
BRDA:68,5,0,1
BRDA:68,5,1,1
BRDA:77,6,0,3
BRDA:77,6,1,10
BRDA:80,7,0,4
BRDA:80,7,1,6
BRF:15
BRH:14
end_of_record
TN:
SF:src/schedule/availability.service.ts
FN:7,toMinutes
FN:13,(anonymous_1)
FN:16,(anonymous_2)
FN:19,(anonymous_3)
FN:24,(anonymous_4)
FN:26,(anonymous_5)
FN:54,(anonymous_6)
FNF:7
FNH:6
FNDA:24,toMinutes
FNDA:13,(anonymous_1)
FNDA:0,(anonymous_2)
FNDA:2,(anonymous_3)
FNDA:11,(anonymous_4)
FNDA:14,(anonymous_5)
FNDA:12,(anonymous_6)
DA:2,1
DA:8,24
DA:9,24
DA:12,1
DA:14,13
DA:15,13
DA:16,13
DA:20,2
DA:21,2
DA:26,14
DA:27,11
DA:28,1
DA:35,10
DA:36,12
DA:37,12
DA:41,5
DA:42,7
DA:46,5
DA:51,5
DA:55,12
DA:56,12
DA:58,12
DA:59,2
DA:61,10
DA:62,2
DA:64,8
DA:65,1
DA:67,7
LF:28
LH:28
BRDA:16,0,0,0
BRDA:27,1,0,1
BRDA:27,1,1,10
BRDA:37,2,0,5
BRDA:37,2,1,7
BRDA:58,3,0,2
BRDA:58,3,1,10
BRDA:61,4,0,2
BRDA:61,4,1,8
BRDA:64,5,0,1
BRDA:64,5,1,7
BRF:11
BRH:10
end_of_record
TN:
SF:src/schedule/schedule.module.ts
FNF:0
FNH:0
DA:1,1
DA:4,1
LF:2
LH:2
BRF:0
BRH:0
end_of_record
TN:
SF:src/schedule/slot-calculation.service.ts
FN:9,(anonymous_0)
FN:13,(anonymous_1)
FN:16,(anonymous_2)
FN:32,(anonymous_3)
FN:70,(anonymous_4)
FN:78,(anonymous_5)
FN:79,(anonymous_6)
FNF:7
FNH:6
FNDA:11,(anonymous_0)
FNDA:0,(anonymous_1)
FNDA:10,(anonymous_2)
FNDA:12,(anonymous_3)
FNDA:16,(anonymous_4)
FNDA:17,(anonymous_5)
FNDA:2,(anonymous_6)
DA:2,1
DA:8,1
DA:10,11
DA:11,11
DA:12,11
DA:13,11
DA:17,10
DA:18,10
DA:21,10
DA:22,10
DA:24,10
DA:26,10
DA:27,10
DA:28,10
DA:30,10
DA:31,11
DA:32,12
DA:34,11
DA:35,9
DA:36,9
DA:37,9
DA:38,9
DA:40,9
DA:42,9
DA:43,19
DA:44,19
DA:46,19
DA:47,19
DA:49,19
DA:50,19
DA:52,19
DA:53,16
DA:54,16
DA:55,16
DA:56,16
DA:58,16
DA:61,19
DA:65,11
DA:69,10
DA:71,16
DA:75,10
DA:79,17
LF:42
LH:42
BRDA:13,0,0,0
BRDA:32,1,0,12
BRDA:32,1,1,10
BRDA:34,2,0,9
BRDA:34,2,1,2
BRDA:52,3,0,16
BRDA:52,3,1,3
BRDA:52,4,0,19
BRDA:52,4,1,17
BRDA:79,5,0,2
BRDA:79,5,1,1
BRF:11
BRH:10
end_of_record
TN:
SF:src/shared/result.ts
FN:22,ok
FN:26,err
FN:30,isOk
FNF:3
FNH:3
FNDA:43,ok
FNDA:31,err
FNDA:2,isOk
DA:22,5
DA:23,43
DA:26,5
DA:27,31
DA:30,5
DA:31,2
LF:6
LH:6
BRF:0
BRH:0
end_of_record
